This file contains any messages produced by compilers while
running configure, to aid debugging if configure makes a mistake.

It was created by Dou-geometry-Cpp-Library configure v0-alpha, which was
generated by GNU Autoconf 2.71.  Invocation command line was

  $ ./configure

## --------- ##
## Platform. ##
## --------- ##

hostname = 18c66a2e32cd
uname -m = x86_64
uname -r = 4.19.128-microsoft-standard
uname -s = Linux
uname -v = #1 SMP Tue Jun 23 12:58:10 UTC 2020

/usr/bin/uname -p = unknown
/bin/uname -X     = unknown

/bin/arch              = unknown
/usr/bin/arch -k       = unknown
/usr/convex/getsysinfo = unknown
/usr/bin/hostinfo      = unknown
/bin/machine           = unknown
/usr/bin/oslevel       = unknown
/bin/universe          = unknown

PATH: /usr/local/sbin/
PATH: /usr/local/bin/
PATH: /usr/sbin/
PATH: /usr/bin/
PATH: /sbin/
PATH: /bin/


## ----------- ##
## Core tests. ##
## ----------- ##

configure:2660: looking for aux files: config.guess config.sub compile ar-lib missing install-sh
configure:2673:  trying ./
configure:2702:   ./config.guess found
configure:2702:   ./config.sub found
configure:2702:   ./compile found
configure:2702:   ./ar-lib found
configure:2702:   ./missing found
configure:2684:   ./install-sh found
configure:2831: checking for a BSD-compatible install
configure:2904: result: /usr/bin/install -c
configure:2915: checking whether build environment is sane
configure:2970: result: yes
configure:3129: checking for a race-free mkdir -p
configure:3173: result: /usr/sbin/mkdir -p
configure:3180: checking for gawk
configure:3201: found /usr/sbin/gawk
configure:3212: result: gawk
configure:3223: checking whether make sets $(MAKE)
configure:3246: result: yes
configure:3276: checking whether make supports nested variables
configure:3294: result: yes
configure:3439: checking whether make supports the include directive
configure:3454: make -f confmf.GNU && cat confinc.out
make: Warning: File 'confinc.mk' has modification time 1.5 s in the future
make: warning:  Clock skew detected.  Your build may be incomplete.
this is the am__doit target
configure:3457: $? = 0
configure:3476: result: yes (GNU style)
configure:3562: checking for g++
configure:3583: found /usr/sbin/g++
configure:3594: result: g++
configure:3621: checking for C++ compiler version
configure:3630: g++ --version >&5
g++ (GCC) 11.1.0
Copyright (C) 2021 Free Software Foundation, Inc.
This is free software; see the source for copying conditions.  There is NO
warranty; not even for MERCHANTABILITY or FITNESS FOR A PARTICULAR PURPOSE.

configure:3641: $? = 0
configure:3630: g++ -v >&5
Using built-in specs.
COLLECT_GCC=g++
COLLECT_LTO_WRAPPER=/usr/lib/gcc/x86_64-pc-linux-gnu/11.1.0/lto-wrapper
Target: x86_64-pc-linux-gnu
Configured with: /build/gcc/src/gcc/configure --prefix=/usr --libdir=/usr/lib --libexecdir=/usr/lib --mandir=/usr/share/man --infodir=/usr/share/info --with-bugurl=https://bugs.archlinux.org/ --enable-languages=c,c++,ada,fortran,go,lto,objc,obj-c++,d --with-isl --with-linker-hash-style=gnu --with-system-zlib --enable-__cxa_atexit --enable-cet=auto --enable-checking=release --enable-clocale=gnu --enable-default-pie --enable-default-ssp --enable-gnu-indirect-function --enable-gnu-unique-object --enable-install-libiberty --enable-linker-build-id --enable-lto --enable-multilib --enable-plugin --enable-shared --enable-threads=posix --disable-libssp --disable-libstdcxx-pch --disable-libunwind-exceptions --disable-werror gdc_include_dir=/usr/include/dlang/gdc
Thread model: posix
Supported LTO compression algorithms: zlib zstd
gcc version 11.1.0 (GCC) 
configure:3641: $? = 0
configure:3630: g++ -V >&5
g++: error: unrecognized command-line option '-V'
g++: fatal error: no input files
compilation terminated.
configure:3641: $? = 1
configure:3630: g++ -qversion >&5
g++: error: unrecognized command-line option '-qversion'; did you mean '--version'?
g++: fatal error: no input files
compilation terminated.
configure:3641: $? = 1
configure:3661: checking whether the C++ compiler works
configure:3683: g++    conftest.cpp  >&5
configure:3687: $? = 0
configure:3737: result: yes
configure:3740: checking for C++ compiler default output file name
configure:3742: result: a.out
configure:3748: checking for suffix of executables
configure:3755: g++ -o conftest    conftest.cpp  >&5
configure:3759: $? = 0
configure:3782: result: 
configure:3804: checking whether we are cross compiling
configure:3812: g++ -o conftest    conftest.cpp  >&5
configure:3816: $? = 0
configure:3823: ./conftest
configure:3827: $? = 0
configure:3842: result: no
configure:3847: checking for suffix of object files
configure:3870: g++ -c   conftest.cpp >&5
configure:3874: $? = 0
configure:3896: result: o
configure:3900: checking whether the compiler supports GNU C++
configure:3920: g++ -c   conftest.cpp >&5
configure:3920: $? = 0
configure:3930: result: yes
configure:3941: checking whether g++ accepts -g
configure:3962: g++ -c -g  conftest.cpp >&5
configure:3962: $? = 0
configure:4006: result: yes
configure:4026: checking for g++ option to enable C++11 features
configure:4041: g++  -c -g -O2  conftest.cpp >&5
conftest.cpp: In function 'int main(int, char**)':
conftest.cpp:177:25: warning: empty parentheses were disambiguated as a function declaration [-Wvexing-parse]
  177 |   cxx11test::delegate d2();
      |                         ^~
conftest.cpp:177:25: note: remove parentheses to default-initialize a variable
  177 |   cxx11test::delegate d2();
      |                         ^~
      |                         --
conftest.cpp:177:25: note: or replace parentheses with braces to value-initialize a variable
configure:4041: $? = 0
configure:4059: result: none needed
configure:4125: checking dependency style of g++
configure:4237: result: gcc3
configure:4253: checking whether C++ compiler accepts -std=gnu++20
configure:4273: g++ -c -g -O2  -std=gnu++20  conftest.cpp >&5
configure:4273: $? = 0
configure:4282: result: yes
configure:4415: checking for C++ compiler version
configure:4424: g++ --version >&5
g++ (GCC) 11.1.0
Copyright (C) 2021 Free Software Foundation, Inc.
This is free software; see the source for copying conditions.  There is NO
warranty; not even for MERCHANTABILITY or FITNESS FOR A PARTICULAR PURPOSE.

configure:4435: $? = 0
configure:4424: g++ -v >&5
Using built-in specs.
COLLECT_GCC=g++
COLLECT_LTO_WRAPPER=/usr/lib/gcc/x86_64-pc-linux-gnu/11.1.0/lto-wrapper
Target: x86_64-pc-linux-gnu
Configured with: /build/gcc/src/gcc/configure --prefix=/usr --libdir=/usr/lib --libexecdir=/usr/lib --mandir=/usr/share/man --infodir=/usr/share/info --with-bugurl=https://bugs.archlinux.org/ --enable-languages=c,c++,ada,fortran,go,lto,objc,obj-c++,d --with-isl --with-linker-hash-style=gnu --with-system-zlib --enable-__cxa_atexit --enable-cet=auto --enable-checking=release --enable-clocale=gnu --enable-default-pie --enable-default-ssp --enable-gnu-indirect-function --enable-gnu-unique-object --enable-install-libiberty --enable-linker-build-id --enable-lto --enable-multilib --enable-plugin --enable-shared --enable-threads=posix --disable-libssp --disable-libstdcxx-pch --disable-libunwind-exceptions --disable-werror gdc_include_dir=/usr/include/dlang/gdc
Thread model: posix
Supported LTO compression algorithms: zlib zstd
gcc version 11.1.0 (GCC) 
configure:4435: $? = 0
configure:4424: g++ -V >&5
g++: error: unrecognized command-line option '-V'
g++: fatal error: no input files
compilation terminated.
configure:4435: $? = 1
configure:4424: g++ -qversion >&5
g++: error: unrecognized command-line option '-qversion'; did you mean '--version'?
g++: fatal error: no input files
compilation terminated.
configure:4435: $? = 1
configure:4439: checking whether the compiler supports GNU C++
configure:4469: result: yes
configure:4480: checking whether g++ accepts -g
configure:4545: result: yes
configure:4565: checking for g++ option to enable C++11 features
configure:4598: result: none needed
configure:4664: checking dependency style of g++
configure:4776: result: gcc3
configure:4839: checking for ranlib
configure:4860: found /usr/sbin/ranlib
configure:4871: result: ranlib
configure:4955: checking for gcc
configure:4976: found /usr/sbin/gcc
configure:4987: result: gcc
configure:5340: checking for C compiler version
configure:5349: gcc --version >&5
gcc (GCC) 11.1.0
Copyright (C) 2021 Free Software Foundation, Inc.
This is free software; see the source for copying conditions.  There is NO
warranty; not even for MERCHANTABILITY or FITNESS FOR A PARTICULAR PURPOSE.

configure:5360: $? = 0
configure:5349: gcc -v >&5
Using built-in specs.
COLLECT_GCC=gcc
COLLECT_LTO_WRAPPER=/usr/lib/gcc/x86_64-pc-linux-gnu/11.1.0/lto-wrapper
Target: x86_64-pc-linux-gnu
Configured with: /build/gcc/src/gcc/configure --prefix=/usr --libdir=/usr/lib --libexecdir=/usr/lib --mandir=/usr/share/man --infodir=/usr/share/info --with-bugurl=https://bugs.archlinux.org/ --enable-languages=c,c++,ada,fortran,go,lto,objc,obj-c++,d --with-isl --with-linker-hash-style=gnu --with-system-zlib --enable-__cxa_atexit --enable-cet=auto --enable-checking=release --enable-clocale=gnu --enable-default-pie --enable-default-ssp --enable-gnu-indirect-function --enable-gnu-unique-object --enable-install-libiberty --enable-linker-build-id --enable-lto --enable-multilib --enable-plugin --enable-shared --enable-threads=posix --disable-libssp --disable-libstdcxx-pch --disable-libunwind-exceptions --disable-werror gdc_include_dir=/usr/include/dlang/gdc
Thread model: posix
Supported LTO compression algorithms: zlib zstd
gcc version 11.1.0 (GCC) 
configure:5360: $? = 0
configure:5349: gcc -V >&5
gcc: error: unrecognized command-line option '-V'
gcc: fatal error: no input files
compilation terminated.
configure:5360: $? = 1
configure:5349: gcc -qversion >&5
gcc: error: unrecognized command-line option '-qversion'; did you mean '--version'?
gcc: fatal error: no input files
compilation terminated.
configure:5360: $? = 1
configure:5349: gcc -version >&5
gcc: error: unrecognized command-line option '-version'
gcc: fatal error: no input files
compilation terminated.
configure:5360: $? = 1
configure:5364: checking whether the compiler supports GNU C
configure:5384: gcc -c   conftest.c >&5
configure:5384: $? = 0
configure:5394: result: yes
configure:5405: checking whether gcc accepts -g
configure:5426: gcc -c -g  conftest.c >&5
configure:5426: $? = 0
configure:5470: result: yes
configure:5490: checking for gcc option to enable C11 features
configure:5505: gcc  -c -g -O2  conftest.c >&5
configure:5505: $? = 0
configure:5523: result: none needed
configure:5639: checking whether gcc understands -c and -o together
configure:5662: gcc -c conftest.c -o conftest2.o
configure:5665: $? = 0
configure:5662: gcc -c conftest.c -o conftest2.o
configure:5665: $? = 0
configure:5677: result: yes
configure:5696: checking dependency style of gcc
configure:5808: result: gcc3
configure:5879: checking for ar
configure:5900: found /usr/sbin/ar
configure:5911: result: ar
configure:5937: checking the archiver (ar) interface
configure:5954: gcc -c -g -O2  conftest.c >&5
configure:5954: $? = 0
configure:5957: ar cru libconftest.a conftest.o >&5
ar: `u' modifier ignored since `D' is the default (see `U')
configure:5960: $? = 0
configure:5988: result: ar
configure:6016: checking for stdio.h
configure:6016: g++ -c -g -O2 -std=gnu++20  conftest.cpp >&5
configure:6016: $? = 0
configure:6016: result: yes
configure:6016: checking for stdlib.h
configure:6016: g++ -c -g -O2 -std=gnu++20  conftest.cpp >&5
configure:6016: $? = 0
configure:6016: result: yes
configure:6016: checking for string.h
configure:6016: g++ -c -g -O2 -std=gnu++20  conftest.cpp >&5
configure:6016: $? = 0
configure:6016: result: yes
configure:6016: checking for inttypes.h
configure:6016: g++ -c -g -O2 -std=gnu++20  conftest.cpp >&5
configure:6016: $? = 0
configure:6016: result: yes
configure:6016: checking for stdint.h
configure:6016: g++ -c -g -O2 -std=gnu++20  conftest.cpp >&5
configure:6016: $? = 0
configure:6016: result: yes
configure:6016: checking for strings.h
configure:6016: g++ -c -g -O2 -std=gnu++20  conftest.cpp >&5
configure:6016: $? = 0
configure:6016: result: yes
configure:6016: checking for sys/stat.h
configure:6016: g++ -c -g -O2 -std=gnu++20  conftest.cpp >&5
configure:6016: $? = 0
configure:6016: result: yes
configure:6016: checking for sys/types.h
configure:6016: g++ -c -g -O2 -std=gnu++20  conftest.cpp >&5
configure:6016: $? = 0
configure:6016: result: yes
configure:6016: checking for unistd.h
configure:6016: g++ -c -g -O2 -std=gnu++20  conftest.cpp >&5
configure:6016: $? = 0
configure:6016: result: yes
configure:6041: checking for unistd.h
configure:6041: result: yes
configure:6050: checking for _Bool
configure:6050: g++ -c -g -O2 -std=gnu++20  conftest.cpp >&5
conftest.cpp: In function 'int main()':
conftest.cpp:53:13: error: '_Bool' was not declared in this scope
   53 | if (sizeof (_Bool))
      |             ^~~~~
configure:6050: $? = 1
configure: failed program was:
| /* confdefs.h */
| #define PACKAGE_NAME "Dou-geometry-Cpp-Library"
| #define PACKAGE_TARNAME "dou-geometry-cpp-library"
| #define PACKAGE_VERSION "v0-alpha"
| #define PACKAGE_STRING "Dou-geometry-Cpp-Library v0-alpha"
| #define PACKAGE_BUGREPORT "fudepia@outlook.jp"
| #define PACKAGE_URL ""
| #define PACKAGE "dou-geometry-cpp-library"
| #define VERSION "v0-alpha"
| #define HAVE_STDIO_H 1
| #define HAVE_STDLIB_H 1
| #define HAVE_STRING_H 1
| #define HAVE_INTTYPES_H 1
| #define HAVE_STDINT_H 1
| #define HAVE_STRINGS_H 1
| #define HAVE_SYS_STAT_H 1
| #define HAVE_SYS_TYPES_H 1
| #define HAVE_UNISTD_H 1
| #define STDC_HEADERS 1
| #define HAVE_UNISTD_H 1
| /* end confdefs.h.  */
| #include <stddef.h>
| #ifdef HAVE_STDIO_H
| # include <stdio.h>
| #endif
| #ifdef HAVE_STDLIB_H
| # include <stdlib.h>
| #endif
| #ifdef HAVE_STRING_H
| # include <string.h>
| #endif
| #ifdef HAVE_INTTYPES_H
| # include <inttypes.h>
| #endif
| #ifdef HAVE_STDINT_H
| # include <stdint.h>
| #endif
| #ifdef HAVE_STRINGS_H
| # include <strings.h>
| #endif
| #ifdef HAVE_SYS_TYPES_H
| # include <sys/types.h>
| #endif
| #ifdef HAVE_SYS_STAT_H
| # include <sys/stat.h>
| #endif
| #ifdef HAVE_UNISTD_H
| # include <unistd.h>
| #endif
| int
| main (void)
| {
| if (sizeof (_Bool))
| 	 return 0;
|   ;
|   return 0;
| }
configure:6050: result: no
configure:6059: checking for stdbool.h that conforms to C99
configure:6175: g++ -c -g -O2 -std=gnu++20  conftest.cpp >&5
configure:6175: $? = 0
configure:6183: result: yes
configure:6194: checking build system type
configure:6209: result: x86_64-pc-linux-gnu
configure:6229: checking host system type
configure:6243: result: x86_64-pc-linux-gnu
configure:6263: checking for GNU libc compatible malloc
configure:6295: g++ -o conftest -g -O2 -std=gnu++20   conftest.cpp  >&5
configure:6295: $? = 0
configure:6295: ./conftest
configure:6295: $? = 0
configure:6306: result: yes
configure:6328: checking for floor
configure:6328: g++ -o conftest -g -O2 -std=gnu++20   conftest.cpp  >&5
conftest.cpp:39:6: warning: declaration of 'char floor()' conflicts with built-in declaration 'double floor(double)' [-Wbuiltin-declaration-mismatch]
   39 | char floor ();
      |      ^~~~~
configure:6328: $? = 0
configure:6328: result: yes
configure:6334: checking for pow
configure:6334: g++ -o conftest -g -O2 -std=gnu++20   conftest.cpp  >&5
conftest.cpp:40:6: warning: declaration of 'char pow()' conflicts with built-in declaration 'double pow(double, double)' [-Wbuiltin-declaration-mismatch]
   40 | char pow ();
      |      ^~~
configure:6334: $? = 0
configure:6334: result: yes
configure:6340: checking for sqrt
configure:6340: g++ -o conftest -g -O2 -std=gnu++20   conftest.cpp  >&5
conftest.cpp:41:6: warning: declaration of 'char sqrt()' conflicts with built-in declaration 'double sqrt(double)' [-Wbuiltin-declaration-mismatch]
   41 | char sqrt ();
      |      ^~~~
configure:6340: $? = 0
configure:6340: result: yes
configure:6451: checking that generated files are newer than configure
configure:6457: result: done
configure:6488: creating ./config.status

## ---------------------- ##
## Running config.status. ##
## ---------------------- ##

This file was extended by Dou-geometry-Cpp-Library config.status v0-alpha, which was
generated by GNU Autoconf 2.71.  Invocation command line was

  CONFIG_FILES    = 
  CONFIG_HEADERS  = 
  CONFIG_LINKS    = 
  CONFIG_COMMANDS = 
  $ ./config.status 

on 18c66a2e32cd

config.status:880: creating Makefile
config.status:880: creating include/Makefile
config.status:880: creating include/boxCounting/Makefile
config.status:880: creating include/cls/Makefile
config.status:880: creating include/conn/Makefile
config.status:880: creating include/conn/bash/Makefile
config.status:880: creating include/conn/sage/Makefile
config.status:880: creating include/numerical/Makefile
config.status:880: creating lib/Makefile
config.status:880: creating lib/boxCounting/Makefile
config.status:880: creating lib/conn/Makefile
config.status:880: creating lib/conn/bash/Makefile
config.status:880: creating lib/conn/sage/Makefile
config.status:880: creating lib/dyn/Makefile
config.status:880: creating lib/numerical/Makefile
config.status:880: creating src/Makefile
config.status:880: creating config.h
config.status:1061: config.h is unchanged
config.status:1109: executing depfiles commands
config.status:1186: cd lib/conn/bash       && sed -e '/# am--include-marker/d' Makefile         | make -f - am--depfiles
make: Nothing to be done for 'am--depfiles'.
config.status:1191: $? = 0
config.status:1186: cd lib/conn/sage       && sed -e '/# am--include-marker/d' Makefile         | make -f - am--depfiles
make: Nothing to be done for 'am--depfiles'.
config.status:1191: $? = 0
config.status:1186: cd lib/numerical       && sed -e '/# am--include-marker/d' Makefile         | make -f - am--depfiles
make: Nothing to be done for 'am--depfiles'.
config.status:1191: $? = 0
config.status:1186: cd src       && sed -e '/# am--include-marker/d' Makefile         | make -f - am--depfiles
make: Nothing to be done for 'am--depfiles'.
config.status:1191: $? = 0

## ---------------- ##
## Cache variables. ##
## ---------------- ##

ac_cv_build=x86_64-pc-linux-gnu
ac_cv_c_compiler_gnu=yes
ac_cv_cxx_compiler_gnu=yes
ac_cv_env_CCC_set=
ac_cv_env_CCC_value=
ac_cv_env_CC_set=
ac_cv_env_CC_value=
ac_cv_env_CFLAGS_set=
ac_cv_env_CFLAGS_value=
ac_cv_env_CPPFLAGS_set=
ac_cv_env_CPPFLAGS_value=
ac_cv_env_CXXFLAGS_set=
ac_cv_env_CXXFLAGS_value=
ac_cv_env_CXX_set=
ac_cv_env_CXX_value=
ac_cv_env_LDFLAGS_set=
ac_cv_env_LDFLAGS_value=
ac_cv_env_LIBS_set=
ac_cv_env_LIBS_value=
ac_cv_env_build_alias_set=
ac_cv_env_build_alias_value=
ac_cv_env_host_alias_set=
ac_cv_env_host_alias_value=
ac_cv_env_target_alias_set=
ac_cv_env_target_alias_value=
ac_cv_func_floor=yes
ac_cv_func_malloc_0_nonnull=yes
ac_cv_func_pow=yes
ac_cv_func_sqrt=yes
ac_cv_header_inttypes_h=yes
ac_cv_header_stdbool_h=yes
ac_cv_header_stdint_h=yes
ac_cv_header_stdio_h=yes
ac_cv_header_stdlib_h=yes
ac_cv_header_string_h=yes
ac_cv_header_strings_h=yes
ac_cv_header_sys_stat_h=yes
ac_cv_header_sys_types_h=yes
ac_cv_header_unistd_h=yes
ac_cv_host=x86_64-pc-linux-gnu
ac_cv_objext=o
ac_cv_path_install='/usr/bin/install -c'
ac_cv_path_mkdir=/usr/sbin/mkdir
ac_cv_prog_AWK=gawk
ac_cv_prog_ac_ct_AR=ar
ac_cv_prog_ac_ct_CC=gcc
ac_cv_prog_ac_ct_CXX=g++
ac_cv_prog_ac_ct_RANLIB=ranlib
ac_cv_prog_cc_c11=
ac_cv_prog_cc_g=yes
ac_cv_prog_cc_stdc=
ac_cv_prog_cxx_11=no
ac_cv_prog_cxx_cxx11=
ac_cv_prog_cxx_g=yes
ac_cv_prog_cxx_stdcxx=
ac_cv_prog_make_make_set=yes
ac_cv_type__Bool=no
am_cv_CC_dependencies_compiler_type=gcc3
am_cv_CXX_dependencies_compiler_type=gcc3
am_cv_ar_interface=ar
am_cv_make_support_nested_variables=yes
am_cv_prog_cc_c_o=yes
ax_cv_check_cxxflags___std_gnupp20=yes

## ----------------- ##
## Output variables. ##
## ----------------- ##

ACLOCAL='${SHELL} '\''/cpp/missing'\'' aclocal-1.16'
AMDEPBACKSLASH='\'
AMDEP_FALSE='#'
AMDEP_TRUE=''
AMTAR='$${TAR-tar}'
AM_BACKSLASH='\'
AM_DEFAULT_V='$(AM_DEFAULT_VERBOSITY)'
AM_DEFAULT_VERBOSITY='1'
AM_V='$(V)'
AR='ar'
AUTOCONF='${SHELL} '\''/cpp/missing'\'' autoconf'
AUTOHEADER='${SHELL} '\''/cpp/missing'\'' autoheader'
AUTOMAKE='${SHELL} '\''/cpp/missing'\'' automake-1.16'
AWK='gawk'
CC='gcc'
CCDEPMODE='depmode=gcc3'
CFLAGS='-g -O2'
CPPFLAGS=''
CXX='g++'
CXXDEPMODE='depmode=gcc3'
CXXFLAGS='-g -O2 -std=gnu++20'
CYGPATH_W='echo'
DEFS='-DHAVE_CONFIG_H'
DEPDIR='.deps'
ECHO_C=''
ECHO_N='-n'
ECHO_T=''
EXEEXT=''
INSTALL_DATA='${INSTALL} -m 644'
INSTALL_PROGRAM='${INSTALL}'
INSTALL_SCRIPT='${INSTALL}'
INSTALL_STRIP_PROGRAM='$(install_sh) -c -s'
LDFLAGS=''
LIBOBJS=''
LIBS=''
LTLIBOBJS=''
MAKEINFO='${SHELL} '\''/cpp/missing'\'' makeinfo'
MKDIR_P='/usr/sbin/mkdir -p'
OBJEXT='o'
PACKAGE='dou-geometry-cpp-library'
PACKAGE_BUGREPORT='fudepia@outlook.jp'
PACKAGE_NAME='Dou-geometry-Cpp-Library'
PACKAGE_STRING='Dou-geometry-Cpp-Library v0-alpha'
PACKAGE_TARNAME='dou-geometry-cpp-library'
PACKAGE_URL=''
PACKAGE_VERSION='v0-alpha'
PATH_SEPARATOR=':'
RANLIB='ranlib'
SET_MAKE=''
SHELL='/bin/sh'
STRIP=''
VERSION='v0-alpha'
ac_ct_AR='ar'
ac_ct_CC='gcc'
ac_ct_CXX='g++'
am__EXEEXT_FALSE=''
am__EXEEXT_TRUE='#'
am__fastdepCC_FALSE='#'
am__fastdepCC_TRUE=''
am__fastdepCXX_FALSE='#'
am__fastdepCXX_TRUE=''
am__include='include'
am__isrc=''
am__leading_dot='.'
am__nodep='_no'
am__quote=''
am__tar='$${TAR-tar} chof - "$$tardir"'
am__untar='$${TAR-tar} xf -'
bindir='${exec_prefix}/bin'
build='x86_64-pc-linux-gnu'
build_alias=''
build_cpu='x86_64'
build_os='linux-gnu'
build_vendor='pc'
datadir='${datarootdir}'
datarootdir='${prefix}/share'
docdir='${datarootdir}/doc/${PACKAGE_TARNAME}'
dvidir='${docdir}'
exec_prefix='${prefix}'
host='x86_64-pc-linux-gnu'
host_alias=''
host_cpu='x86_64'
host_os='linux-gnu'
host_vendor='pc'
htmldir='${docdir}'
includedir='${prefix}/include'
infodir='${datarootdir}/info'
install_sh='${SHELL} /cpp/install-sh'
libdir='${exec_prefix}/lib'
libexecdir='${exec_prefix}/libexec'
localedir='${datarootdir}/locale'
localstatedir='${prefix}/var'
mandir='${datarootdir}/man'
mkdir_p='$(MKDIR_P)'
oldincludedir='/usr/include'
pdfdir='${docdir}'
prefix='/usr/local'
program_transform_name='s,x,x,'
psdir='${docdir}'
runstatedir='${localstatedir}/run'
sbindir='${exec_prefix}/sbin'
sharedstatedir='${prefix}/com'
sysconfdir='${prefix}/etc'
target_alias=''

## ----------- ##
## confdefs.h. ##
## ----------- ##

/* confdefs.h */
#define PACKAGE_NAME "Dou-geometry-Cpp-Library"
#define PACKAGE_TARNAME "dou-geometry-cpp-library"
#define PACKAGE_VERSION "v0-alpha"
#define PACKAGE_STRING "Dou-geometry-Cpp-Library v0-alpha"
#define PACKAGE_BUGREPORT "fudepia@outlook.jp"
#define PACKAGE_URL ""
#define PACKAGE "dou-geometry-cpp-library"
#define VERSION "v0-alpha"
#define HAVE_STDIO_H 1
#define HAVE_STDLIB_H 1
#define HAVE_STRING_H 1
#define HAVE_INTTYPES_H 1
#define HAVE_STDINT_H 1
#define HAVE_STRINGS_H 1
#define HAVE_SYS_STAT_H 1
#define HAVE_SYS_TYPES_H 1
#define HAVE_UNISTD_H 1
#define STDC_HEADERS 1
#define HAVE_UNISTD_H 1
#define HAVE_MALLOC 1
#define HAVE_FLOOR 1
#define HAVE_POW 1
#define HAVE_SQRT 1

configure: exit 0

## ---------------------- ##
## Running config.status. ##
## ---------------------- ##

This file was extended by Dou-geometry-Cpp-Library config.status v0-alpha, which was
generated by GNU Autoconf 2.71.  Invocation command line was

  CONFIG_FILES    = 
  CONFIG_HEADERS  = 
  CONFIG_LINKS    = 
  CONFIG_COMMANDS = 
  $ ./config.status config.h

on 18c66a2e32cd

config.status:880: creating config.h
config.status:1061: config.h is unchanged
